This file contains any messages produced by compilers while
running configure, to aid debugging if configure makes a mistake.

It was created by Protocol Buffers configure 2.3.0, which was
generated by GNU Autoconf 2.68.  Invocation command line was

  $ ./configure --prefix=/home/clark --no-create --no-recursion

## --------- ##
## Platform. ##
## --------- ##

hostname = clark-ThinkPad-X220
uname -m = x86_64
uname -r = 3.8.0-35-generic
uname -s = Linux
uname -v = #50-Ubuntu SMP Tue Dec 3 01:24:59 UTC 2013

/usr/bin/uname -p = unknown
/bin/uname -X     = unknown

/bin/arch              = unknown
/usr/bin/arch -k       = unknown
/usr/convex/getsysinfo = unknown
/usr/bin/hostinfo      = unknown
/bin/machine           = unknown
/usr/bin/oslevel       = unknown
/bin/universe          = unknown

PATH: /home/clark/bin
PATH: /home/clark/programe/jdk1.6.0_45/bin
PATH: /home/clark/programe/apache-maven-3.1.1/bin
PATH: /home/clark/programe/android-sdk-linux/platform-tools
PATH: /home/clark/programe/android-sdk-linux/tools
PATH: /home/clark/programe/android-sdk-linux/build-tools/18.0.1
PATH: /home/clark/programe/android-ndk-r9d
PATH: /home/clark/programe/scala-2.10.3/bin
PATH: /home/clark/programe/apache-ant-1.9.2/bin
PATH: /home/clark/programe/findbugs-2.0.2/bin
PATH: /usr/local/Trolltech/Qt-4.8.6/bin
PATH: /home/clark/programe/go/bin
PATH: /home/clark/source/gopath/bin
PATH: /home/clark/bin
PATH: /usr/lib/lightdm/lightdm
PATH: /usr/local/sbin
PATH: /usr/local/bin
PATH: /usr/sbin
PATH: /usr/bin
PATH: /sbin
PATH: /bin
PATH: /usr/games
PATH: /usr/local/games


## ----------- ##
## Core tests. ##
## ----------- ##

configure:2629: checking build system type
configure:2643: result: x86_64-unknown-linux-gnu
configure:2663: checking host system type
configure:2676: result: x86_64-unknown-linux-gnu
configure:2696: checking target system type
configure:2709: result: x86_64-unknown-linux-gnu
configure:2752: checking for a BSD-compatible install
configure:2820: result: /usr/bin/install -c
configure:2831: checking whether build environment is sane
configure:2881: result: yes
configure:3022: checking for a thread-safe mkdir -p
configure:3061: result: /bin/mkdir -p
configure:3074: checking for gawk
configure:3090: found /usr/bin/gawk
configure:3101: result: gawk
configure:3112: checking whether make sets $(MAKE)
configure:3134: result: yes
configure:3282: checking for gcc
configure:3298: found /usr/bin/gcc
configure:3309: result: gcc
configure:3538: checking for C compiler version
configure:3547: gcc --version >&5
gcc (Ubuntu/Linaro 4.7.3-1ubuntu1) 4.7.3
Copyright (C) 2012 Free Software Foundation, Inc.
This is free software; see the source for copying conditions.  There is NO
warranty; not even for MERCHANTABILITY or FITNESS FOR A PARTICULAR PURPOSE.

configure:3558: $? = 0
configure:3547: gcc -v >&5
Using built-in specs.
COLLECT_GCC=gcc
COLLECT_LTO_WRAPPER=/usr/lib/gcc/x86_64-linux-gnu/4.7/lto-wrapper
Target: x86_64-linux-gnu
Configured with: ../src/configure -v --with-pkgversion='Ubuntu/Linaro 4.7.3-1ubuntu1' --with-bugurl=file:///usr/share/doc/gcc-4.7/README.Bugs --enable-languages=c,c++,go,fortran,objc,obj-c++ --prefix=/usr --program-suffix=-4.7 --enable-shared --enable-linker-build-id --libexecdir=/usr/lib --without-included-gettext --enable-threads=posix --with-gxx-include-dir=/usr/include/c++/4.7 --libdir=/usr/lib --enable-nls --with-sysroot=/ --enable-clocale=gnu --enable-libstdcxx-debug --enable-libstdcxx-time=yes --enable-gnu-unique-object --enable-plugin --with-system-zlib --enable-objc-gc --with-cloog --enable-cloog-backend=ppl --disable-cloog-version-check --disable-ppl-version-check --enable-multiarch --disable-werror --with-arch-32=i686 --with-abi=m64 --with-multilib-list=m32,m64,mx32 --with-tune=generic --enable-checking=release --build=x86_64-linux-gnu --host=x86_64-linux-gnu --target=x86_64-linux-gnu
Thread model: posix
gcc version 4.7.3 (Ubuntu/Linaro 4.7.3-1ubuntu1) 
configure:3558: $? = 0
configure:3547: gcc -V >&5
gcc: error: unrecognized command line option '-V'
gcc: fatal error: no input files
compilation terminated.
configure:3558: $? = 4
configure:3547: gcc -qversion >&5
gcc: error: unrecognized command line option '-qversion'
gcc: fatal error: no input files
compilation terminated.
configure:3558: $? = 4
configure:3578: checking whether the C compiler works
configure:3600: gcc    conftest.c  >&5
configure:3604: $? = 0
configure:3652: result: yes
configure:3655: checking for C compiler default output file name
configure:3657: result: a.out
configure:3663: checking for suffix of executables
configure:3670: gcc -o conftest    conftest.c  >&5
configure:3674: $? = 0
configure:3696: result: 
configure:3718: checking whether we are cross compiling
configure:3726: gcc -o conftest    conftest.c  >&5
configure:3730: $? = 0
configure:3737: ./conftest
configure:3741: $? = 0
configure:3756: result: no
configure:3761: checking for suffix of object files
configure:3783: gcc -c   conftest.c >&5
configure:3787: $? = 0
configure:3808: result: o
configure:3812: checking whether we are using the GNU C compiler
configure:3831: gcc -c   conftest.c >&5
configure:3831: $? = 0
configure:3840: result: yes
configure:3849: checking whether gcc accepts -g
configure:3869: gcc -c -g  conftest.c >&5
configure:3869: $? = 0
configure:3910: result: yes
configure:3927: checking for gcc option to accept ISO C89
configure:3991: gcc  -c   conftest.c >&5
configure:3991: $? = 0
configure:4004: result: none needed
configure:4035: checking for style of include used by make
configure:4063: result: GNU
configure:4089: checking dependency style of gcc
configure:4200: result: gcc3
configure:4273: checking for g++
configure:4289: found /usr/bin/g++
configure:4300: result: g++
configure:4327: checking for C++ compiler version
configure:4336: g++ --version >&5
g++ (Ubuntu/Linaro 4.7.3-1ubuntu1) 4.7.3
Copyright (C) 2012 Free Software Foundation, Inc.
This is free software; see the source for copying conditions.  There is NO
warranty; not even for MERCHANTABILITY or FITNESS FOR A PARTICULAR PURPOSE.

configure:4347: $? = 0
configure:4336: g++ -v >&5
Using built-in specs.
COLLECT_GCC=g++
COLLECT_LTO_WRAPPER=/usr/lib/gcc/x86_64-linux-gnu/4.7/lto-wrapper
Target: x86_64-linux-gnu
Configured with: ../src/configure -v --with-pkgversion='Ubuntu/Linaro 4.7.3-1ubuntu1' --with-bugurl=file:///usr/share/doc/gcc-4.7/README.Bugs --enable-languages=c,c++,go,fortran,objc,obj-c++ --prefix=/usr --program-suffix=-4.7 --enable-shared --enable-linker-build-id --libexecdir=/usr/lib --without-included-gettext --enable-threads=posix --with-gxx-include-dir=/usr/include/c++/4.7 --libdir=/usr/lib --enable-nls --with-sysroot=/ --enable-clocale=gnu --enable-libstdcxx-debug --enable-libstdcxx-time=yes --enable-gnu-unique-object --enable-plugin --with-system-zlib --enable-objc-gc --with-cloog --enable-cloog-backend=ppl --disable-cloog-version-check --disable-ppl-version-check --enable-multiarch --disable-werror --with-arch-32=i686 --with-abi=m64 --with-multilib-list=m32,m64,mx32 --with-tune=generic --enable-checking=release --build=x86_64-linux-gnu --host=x86_64-linux-gnu --target=x86_64-linux-gnu
Thread model: posix
gcc version 4.7.3 (Ubuntu/Linaro 4.7.3-1ubuntu1) 
configure:4347: $? = 0
configure:4336: g++ -V >&5
g++: error: unrecognized command line option '-V'
g++: fatal error: no input files
compilation terminated.
configure:4347: $? = 4
configure:4336: g++ -qversion >&5
g++: error: unrecognized command line option '-qversion'
g++: fatal error: no input files
compilation terminated.
configure:4347: $? = 4
configure:4351: checking whether we are using the GNU C++ compiler
configure:4370: g++ -c   conftest.cpp >&5
configure:4370: $? = 0
configure:4379: result: yes
configure:4388: checking whether g++ accepts -g
configure:4408: g++ -c -g  conftest.cpp >&5
configure:4408: $? = 0
configure:4449: result: yes
configure:4474: checking dependency style of g++
configure:4585: result: gcc3
configure:4612: checking how to run the C++ preprocessor
configure:4639: g++ -E  conftest.cpp
configure:4639: $? = 0
configure:4653: g++ -E  conftest.cpp
conftest.cpp:11:28: fatal error: ac_nonexistent.h: No such file or directory
compilation terminated.
configure:4653: $? = 1
configure: failed program was:
| /* confdefs.h */
| #define PACKAGE_NAME "Protocol Buffers"
| #define PACKAGE_TARNAME "protobuf"
| #define PACKAGE_VERSION "2.3.0"
| #define PACKAGE_STRING "Protocol Buffers 2.3.0"
| #define PACKAGE_BUGREPORT "protobuf@googlegroups.com"
| #define PACKAGE_URL ""
| #define PACKAGE "protobuf"
| #define VERSION "2.3.0"
| /* end confdefs.h.  */
| #include <ac_nonexistent.h>
configure:4678: result: g++ -E
configure:4698: g++ -E  conftest.cpp
configure:4698: $? = 0
configure:4712: g++ -E  conftest.cpp
conftest.cpp:11:28: fatal error: ac_nonexistent.h: No such file or directory
compilation terminated.
configure:4712: $? = 1
configure: failed program was:
| /* confdefs.h */
| #define PACKAGE_NAME "Protocol Buffers"
| #define PACKAGE_TARNAME "protobuf"
| #define PACKAGE_VERSION "2.3.0"
| #define PACKAGE_STRING "Protocol Buffers 2.3.0"
| #define PACKAGE_BUGREPORT "protobuf@googlegroups.com"
| #define PACKAGE_URL ""
| #define PACKAGE "protobuf"
| #define VERSION "2.3.0"
| /* end confdefs.h.  */
| #include <ac_nonexistent.h>
configure:4741: checking for grep that handles long lines and -e
configure:4799: result: /bin/grep
configure:4804: checking for egrep
configure:4866: result: /bin/grep -E
configure:4871: checking for ANSI C header files
configure:4891: g++ -c   conftest.cpp >&5
configure:4891: $? = 0
configure:4964: g++ -o conftest    conftest.cpp  >&5
configure:4964: $? = 0
configure:4964: ./conftest
configure:4964: $? = 0
configure:4975: result: yes
configure:4988: checking for sys/types.h
configure:4988: g++ -c   conftest.cpp >&5
configure:4988: $? = 0
configure:4988: result: yes
configure:4988: checking for sys/stat.h
configure:4988: g++ -c   conftest.cpp >&5
configure:4988: $? = 0
configure:4988: result: yes
configure:4988: checking for stdlib.h
configure:4988: g++ -c   conftest.cpp >&5
configure:4988: $? = 0
configure:4988: result: yes
configure:4988: checking for string.h
configure:4988: g++ -c   conftest.cpp >&5
configure:4988: $? = 0
configure:4988: result: yes
configure:4988: checking for memory.h
configure:4988: g++ -c   conftest.cpp >&5
configure:4988: $? = 0
configure:4988: result: yes
configure:4988: checking for strings.h
configure:4988: g++ -c   conftest.cpp >&5
configure:4988: $? = 0
configure:4988: result: yes
configure:4988: checking for inttypes.h
configure:4988: g++ -c   conftest.cpp >&5
configure:4988: $? = 0
configure:4988: result: yes
configure:4988: checking for stdint.h
configure:4988: g++ -c   conftest.cpp >&5
configure:4988: $? = 0
configure:4988: result: yes
configure:4988: checking for unistd.h
configure:4988: g++ -c   conftest.cpp >&5
configure:4988: $? = 0
configure:4988: result: yes
configure:5001: checking minix/config.h usability
configure:5001: g++ -c   conftest.cpp >&5
conftest.cpp:54:26: fatal error: minix/config.h: No such file or directory
compilation terminated.
configure:5001: $? = 1
configure: failed program was:
| /* confdefs.h */
| #define PACKAGE_NAME "Protocol Buffers"
| #define PACKAGE_TARNAME "protobuf"
| #define PACKAGE_VERSION "2.3.0"
| #define PACKAGE_STRING "Protocol Buffers 2.3.0"
| #define PACKAGE_BUGREPORT "protobuf@googlegroups.com"
| #define PACKAGE_URL ""
| #define PACKAGE "protobuf"
| #define VERSION "2.3.0"
| #define STDC_HEADERS 1
| #define HAVE_SYS_TYPES_H 1
| #define HAVE_SYS_STAT_H 1
| #define HAVE_STDLIB_H 1
| #define HAVE_STRING_H 1
| #define HAVE_MEMORY_H 1
| #define HAVE_STRINGS_H 1
| #define HAVE_INTTYPES_H 1
| #define HAVE_STDINT_H 1
| #define HAVE_UNISTD_H 1
| /* end confdefs.h.  */
| #include <stdio.h>
| #ifdef HAVE_SYS_TYPES_H
| # include <sys/types.h>
| #endif
| #ifdef HAVE_SYS_STAT_H
| # include <sys/stat.h>
| #endif
| #ifdef STDC_HEADERS
| # include <stdlib.h>
| # include <stddef.h>
| #else
| # ifdef HAVE_STDLIB_H
| #  include <stdlib.h>
| # endif
| #endif
| #ifdef HAVE_STRING_H
| # if !defined STDC_HEADERS && defined HAVE_MEMORY_H
| #  include <memory.h>
| # endif
| # include <string.h>
| #endif
| #ifdef HAVE_STRINGS_H
| # include <strings.h>
| #endif
| #ifdef HAVE_INTTYPES_H
| # include <inttypes.h>
| #endif
| #ifdef HAVE_STDINT_H
| # include <stdint.h>
| #endif
| #ifdef HAVE_UNISTD_H
| # include <unistd.h>
| #endif
| #include <minix/config.h>
configure:5001: result: no
configure:5001: checking minix/config.h presence
configure:5001: g++ -E  conftest.cpp
conftest.cpp:21:26: fatal error: minix/config.h: No such file or directory
compilation terminated.
configure:5001: $? = 1
configure: failed program was:
| /* confdefs.h */
| #define PACKAGE_NAME "Protocol Buffers"
| #define PACKAGE_TARNAME "protobuf"
| #define PACKAGE_VERSION "2.3.0"
| #define PACKAGE_STRING "Protocol Buffers 2.3.0"
| #define PACKAGE_BUGREPORT "protobuf@googlegroups.com"
| #define PACKAGE_URL ""
| #define PACKAGE "protobuf"
| #define VERSION "2.3.0"
| #define STDC_HEADERS 1
| #define HAVE_SYS_TYPES_H 1
| #define HAVE_SYS_STAT_H 1
| #define HAVE_STDLIB_H 1
| #define HAVE_STRING_H 1
| #define HAVE_MEMORY_H 1
| #define HAVE_STRINGS_H 1
| #define HAVE_INTTYPES_H 1
| #define HAVE_STDINT_H 1
| #define HAVE_UNISTD_H 1
| /* end confdefs.h.  */
| #include <minix/config.h>
configure:5001: result: no
configure:5001: checking for minix/config.h
configure:5001: result: no
configure:5022: checking whether it is safe to define __EXTENSIONS__
configure:5040: g++ -c   conftest.cpp >&5
configure:5040: $? = 0
configure:5047: result: yes
configure:5076: checking C++ compiler flags...
configure:5092: result: use default: -O2  -g -DNDEBUG
configure:5112: checking whether __SUNPRO_CC is declared
configure:5112: g++ -c  -g -DNDEBUG  conftest.cpp >&5
conftest.cpp: In function 'int main()':
conftest.cpp:64:10: error: '__SUNPRO_CC' was not declared in this scope
configure:5112: $? = 1
configure: failed program was:
| /* confdefs.h */
| #define PACKAGE_NAME "Protocol Buffers"
| #define PACKAGE_TARNAME "protobuf"
| #define PACKAGE_VERSION "2.3.0"
| #define PACKAGE_STRING "Protocol Buffers 2.3.0"
| #define PACKAGE_BUGREPORT "protobuf@googlegroups.com"
| #define PACKAGE_URL ""
| #define PACKAGE "protobuf"
| #define VERSION "2.3.0"
| #define STDC_HEADERS 1
| #define HAVE_SYS_TYPES_H 1
| #define HAVE_SYS_STAT_H 1
| #define HAVE_STDLIB_H 1
| #define HAVE_STRING_H 1
| #define HAVE_MEMORY_H 1
| #define HAVE_STRINGS_H 1
| #define HAVE_INTTYPES_H 1
| #define HAVE_STDINT_H 1
| #define HAVE_UNISTD_H 1
| #define __EXTENSIONS__ 1
| #define _ALL_SOURCE 1
| #define _GNU_SOURCE 1
| #define _POSIX_PTHREAD_SEMANTICS 1
| #define _TANDEM_SOURCE 1
| /* end confdefs.h.  */
| #include <stdio.h>
| #ifdef HAVE_SYS_TYPES_H
| # include <sys/types.h>
| #endif
| #ifdef HAVE_SYS_STAT_H
| # include <sys/stat.h>
| #endif
| #ifdef STDC_HEADERS
| # include <stdlib.h>
| # include <stddef.h>
| #else
| # ifdef HAVE_STDLIB_H
| #  include <stdlib.h>
| # endif
| #endif
| #ifdef HAVE_STRING_H
| # if !defined STDC_HEADERS && defined HAVE_MEMORY_H
| #  include <memory.h>
| # endif
| # include <string.h>
| #endif
| #ifdef HAVE_STRINGS_H
| # include <strings.h>
| #endif
| #ifdef HAVE_INTTYPES_H
| # include <inttypes.h>
| #endif
| #ifdef HAVE_STDINT_H
| # include <stdint.h>
| #endif
| #ifdef HAVE_UNISTD_H
| # include <unistd.h>
| #endif
| int
| main ()
| {
| #ifndef __SUNPRO_CC
| #ifdef __cplusplus
|   (void) __SUNPRO_CC;
| #else
|   (void) __SUNPRO_CC;
| #endif
| #endif
| 
|   ;
|   return 0;
| }
configure:5112: result: no
configure:5263: checking for a sed that does not truncate output
configure:5327: result: /bin/sed
configure:5345: checking for fgrep
configure:5407: result: /bin/grep -F
configure:5442: checking for ld used by gcc
configure:5509: result: /usr/bin/ld
configure:5516: checking if the linker (/usr/bin/ld) is GNU ld
configure:5531: result: yes
configure:5543: checking for BSD- or MS-compatible name lister (nm)
configure:5592: result: /usr/bin/nm -B
configure:5710: checking the name lister (/usr/bin/nm -B) interface
configure:5717: g++ -c  -g -DNDEBUG  conftest.cpp >&5
configure:5720: /usr/bin/nm -B "conftest.o"
configure:5723: output
0000000000000000 B some_variable
configure:5730: result: BSD nm
configure:5733: checking whether ln -s works
configure:5737: result: yes
configure:5745: checking the maximum length of command line arguments
configure:5865: result: 3458764513820540925
configure:5882: checking whether the shell understands some XSI constructs
configure:5892: result: yes
configure:5896: checking whether the shell understands "+="
configure:5902: result: yes
configure:5937: checking for /usr/bin/ld option to reload object files
configure:5944: result: -r
configure:5971: checking how to recognize dependent libraries
configure:6161: result: pass_all
configure:6221: checking for ar
configure:6237: found /usr/bin/ar
configure:6248: result: ar
configure:6326: checking for strip
configure:6342: found /usr/bin/strip
configure:6353: result: strip
configure:6425: checking for ranlib
configure:6441: found /usr/bin/ranlib
configure:6452: result: ranlib
configure:6542: checking command to parse /usr/bin/nm -B output from gcc object
configure:6660: g++ -c  -g -DNDEBUG  conftest.cpp >&5
configure:6663: $? = 0
configure:6667: /usr/bin/nm -B conftest.o \| sed -n -e 's/^.*[	 ]\([ABCDGIRSTW][ABCDGIRSTW]*\)[	 ][	 ]*\([_A-Za-z][_A-Za-z0-9]*\)$/\1 \2 \2/p' \> conftest.nm
configure:6670: $? = 0
configure:6724: g++ -o conftest  -g -DNDEBUG   conftest.cpp conftstm.o >&5
configure:6727: $? = 0
configure:6765: result: ok
configure:6861: g++ -c  -g -DNDEBUG  conftest.cpp >&5
configure:6864: $? = 0
configure:7571: checking for dlfcn.h
configure:7571: g++ -c  -g -DNDEBUG  conftest.cpp >&5
configure:7571: $? = 0
configure:7571: result: yes
configure:7696: checking for C++ compiler version
configure:7705: g++ --version >&5
g++ (Ubuntu/Linaro 4.7.3-1ubuntu1) 4.7.3
Copyright (C) 2012 Free Software Foundation, Inc.
This is free software; see the source for copying conditions.  There is NO
warranty; not even for MERCHANTABILITY or FITNESS FOR A PARTICULAR PURPOSE.

configure:7716: $? = 0
configure:7705: g++ -v >&5
Using built-in specs.
COLLECT_GCC=g++
COLLECT_LTO_WRAPPER=/usr/lib/gcc/x86_64-linux-gnu/4.7/lto-wrapper
Target: x86_64-linux-gnu
Configured with: ../src/configure -v --with-pkgversion='Ubuntu/Linaro 4.7.3-1ubuntu1' --with-bugurl=file:///usr/share/doc/gcc-4.7/README.Bugs --enable-languages=c,c++,go,fortran,objc,obj-c++ --prefix=/usr --program-suffix=-4.7 --enable-shared --enable-linker-build-id --libexecdir=/usr/lib --without-included-gettext --enable-threads=posix --with-gxx-include-dir=/usr/include/c++/4.7 --libdir=/usr/lib --enable-nls --with-sysroot=/ --enable-clocale=gnu --enable-libstdcxx-debug --enable-libstdcxx-time=yes --enable-gnu-unique-object --enable-plugin --with-system-zlib --enable-objc-gc --with-cloog --enable-cloog-backend=ppl --disable-cloog-version-check --disable-ppl-version-check --enable-multiarch --disable-werror --with-arch-32=i686 --with-abi=m64 --with-multilib-list=m32,m64,mx32 --with-tune=generic --enable-checking=release --build=x86_64-linux-gnu --host=x86_64-linux-gnu --target=x86_64-linux-gnu
Thread model: posix
gcc version 4.7.3 (Ubuntu/Linaro 4.7.3-1ubuntu1) 
configure:7716: $? = 0
configure:7705: g++ -V >&5
g++: error: unrecognized command line option '-V'
g++: fatal error: no input files
compilation terminated.
configure:7716: $? = 4
configure:7705: g++ -qversion >&5
g++: error: unrecognized command line option '-qversion'
g++: fatal error: no input files
compilation terminated.
configure:7716: $? = 4
configure:7720: checking whether we are using the GNU C++ compiler
configure:7748: result: yes
configure:7757: checking whether g++ accepts -g
configure:7818: result: yes
configure:7843: checking dependency style of g++
configure:7954: result: gcc3
configure:7977: checking how to run the C++ preprocessor
configure:8043: result: g++ -E
configure:8063: g++ -E  conftest.cpp
configure:8063: $? = 0
configure:8077: g++ -E  conftest.cpp
conftest.cpp:27:28: fatal error: ac_nonexistent.h: No such file or directory
compilation terminated.
configure:8077: $? = 1
configure: failed program was:
| /* confdefs.h */
| #define PACKAGE_NAME "Protocol Buffers"
| #define PACKAGE_TARNAME "protobuf"
| #define PACKAGE_VERSION "2.3.0"
| #define PACKAGE_STRING "Protocol Buffers 2.3.0"
| #define PACKAGE_BUGREPORT "protobuf@googlegroups.com"
| #define PACKAGE_URL ""
| #define PACKAGE "protobuf"
| #define VERSION "2.3.0"
| #define STDC_HEADERS 1
| #define HAVE_SYS_TYPES_H 1
| #define HAVE_SYS_STAT_H 1
| #define HAVE_STDLIB_H 1
| #define HAVE_STRING_H 1
| #define HAVE_MEMORY_H 1
| #define HAVE_STRINGS_H 1
| #define HAVE_INTTYPES_H 1
| #define HAVE_STDINT_H 1
| #define HAVE_UNISTD_H 1
| #define __EXTENSIONS__ 1
| #define _ALL_SOURCE 1
| #define _GNU_SOURCE 1
| #define _POSIX_PTHREAD_SEMANTICS 1
| #define _TANDEM_SOURCE 1
| #define HAVE_DLFCN_H 1
| /* end confdefs.h.  */
| #include <ac_nonexistent.h>
configure:8282: checking for objdir
configure:8297: result: .libs
configure:8593: checking if gcc supports -fno-rtti -fno-exceptions
configure:8611: gcc -c   -fno-rtti -fno-exceptions conftest.c >&5
cc1: warning: command line option '-fno-rtti' is valid for C++/ObjC++ but not for C [enabled by default]
configure:8615: $? = 0
configure:8628: result: no
configure:8648: checking for gcc option to produce PIC
configure:8905: result: -fPIC -DPIC
configure:8917: checking if gcc PIC flag -fPIC -DPIC works
configure:8935: gcc -c   -fPIC -DPIC -DPIC conftest.c >&5
configure:8939: $? = 0
configure:8952: result: yes
configure:8976: checking if gcc static flag -static works
configure:9004: result: yes
configure:9019: checking if gcc supports -c -o file.o
configure:9040: gcc -c   -o out/conftest2.o conftest.c >&5
configure:9044: $? = 0
configure:9066: result: yes
configure:9074: checking if gcc supports -c -o file.o
configure:9121: result: yes
configure:9154: checking whether the gcc linker (/usr/bin/ld -m elf_x86_64) supports shared libraries
configure:10132: result: yes
configure:10169: checking whether -lc should be explicitly linked in
configure:10174: gcc -c   conftest.c >&5
configure:10177: $? = 0
configure:10192: gcc -shared conftest.o  -v -Wl,-soname -Wl,conftest -o conftest 2\>\&1 \| /bin/grep  -lc  \>/dev/null 2\>\&1
configure:10195: $? = 0
configure:10207: result: no
configure:10371: checking dynamic linker characteristics
configure:10804: gcc -o conftest    -Wl,-rpath -Wl,/foo conftest.c  >&5
configure:10804: $? = 0
configure:11022: result: GNU/Linux ld.so
configure:11124: checking how to hardcode library paths into programs
configure:11149: result: immediate
configure:11677: checking whether stripping libraries is possible
configure:11682: result: yes
configure:11717: checking if libtool supports shared libraries
configure:11719: result: yes
configure:11722: checking whether to build shared libraries
configure:11743: result: yes
configure:11746: checking whether to build static libraries
configure:11750: result: yes
configure:11900: checking for ld used by g++
configure:11967: result: /usr/bin/ld -m elf_x86_64
configure:11974: checking if the linker (/usr/bin/ld -m elf_x86_64) is GNU ld
configure:11989: result: yes
configure:12044: checking whether the g++ linker (/usr/bin/ld -m elf_x86_64) supports shared libraries
configure:12952: result: yes
configure:12980: g++ -c  -g -DNDEBUG  conftest.cpp >&5
configure:12983: $? = 0
configure:13165: checking for g++ option to produce PIC
configure:13474: result: -fPIC -DPIC
configure:13483: checking if g++ PIC flag -fPIC -DPIC works
configure:13501: g++ -c  -g -DNDEBUG  -fPIC -DPIC -DPIC conftest.cpp >&5
configure:13505: $? = 0
configure:13518: result: yes
configure:13539: checking if g++ static flag -static works
configure:13567: result: yes
configure:13579: checking if g++ supports -c -o file.o
configure:13600: g++ -c  -g -DNDEBUG  -o out/conftest2.o conftest.cpp >&5
configure:13604: $? = 0
configure:13626: result: yes
configure:13631: checking if g++ supports -c -o file.o
configure:13678: result: yes
configure:13708: checking whether the g++ linker (/usr/bin/ld -m elf_x86_64) supports shared libraries
configure:13734: result: yes
configure:13871: checking dynamic linker characteristics
configure:14252: g++ -o conftest  -g -DNDEBUG   -Wl,-rpath -Wl,/foo conftest.cpp  >&5
configure:14252: $? = 0
configure:14470: result: GNU/Linux ld.so
configure:14521: checking how to hardcode library paths into programs
configure:14546: result: immediate
configure:14606: checking for ANSI C header files
configure:14710: result: yes
configure:14721: checking fcntl.h usability
configure:14721: g++ -c  -g -DNDEBUG  conftest.cpp >&5
configure:14721: $? = 0
configure:14721: result: yes
configure:14721: checking fcntl.h presence
configure:14721: g++ -E  conftest.cpp
configure:14721: $? = 0
configure:14721: result: yes
configure:14721: checking for fcntl.h
configure:14721: result: yes
configure:14721: checking for inttypes.h
configure:14721: result: yes
configure:14721: checking limits.h usability
configure:14721: g++ -c  -g -DNDEBUG  conftest.cpp >&5
configure:14721: $? = 0
configure:14721: result: yes
configure:14721: checking limits.h presence
configure:14721: g++ -E  conftest.cpp
configure:14721: $? = 0
configure:14721: result: yes
configure:14721: checking for limits.h
configure:14721: result: yes
configure:14721: checking for stdlib.h
configure:14721: result: yes
configure:14721: checking for unistd.h
configure:14721: result: yes
configure:14733: checking for working memcmp
configure:14776: g++ -o conftest  -g -DNDEBUG   conftest.cpp  >&5
configure:14776: $? = 0
configure:14776: ./conftest
configure:14776: $? = 0
configure:14786: result: yes
configure:14795: checking for working strtod
configure:14836: g++ -o conftest  -g -DNDEBUG   conftest.cpp  >&5
conftest.cpp: In function 'int main()':
conftest.cpp:76:20: warning: deprecated conversion from string constant to 'char*' [-Wwrite-strings]
conftest.cpp:87:20: warning: deprecated conversion from string constant to 'char*' [-Wwrite-strings]
configure:14836: $? = 0
configure:14836: ./conftest
configure:14836: $? = 0
configure:14846: result: yes
configure:14911: checking for ftruncate
configure:14911: g++ -o conftest  -g -DNDEBUG   conftest.cpp  >&5
configure:14911: $? = 0
configure:14911: result: yes
configure:14911: checking for memset
configure:14911: g++ -o conftest  -g -DNDEBUG   conftest.cpp  >&5
configure:14911: $? = 0
configure:14911: result: yes
configure:14911: checking for mkdir
configure:14911: g++ -o conftest  -g -DNDEBUG   conftest.cpp  >&5
configure:14911: $? = 0
configure:14911: result: yes
configure:14911: checking for strchr
configure:14911: g++ -o conftest  -g -DNDEBUG   conftest.cpp  >&5
configure:14911: $? = 0
configure:14911: result: yes
configure:14911: checking for strerror
configure:14911: g++ -o conftest  -g -DNDEBUG   conftest.cpp  >&5
configure:14911: $? = 0
configure:14911: result: yes
configure:14911: checking for strtol
configure:14911: g++ -o conftest  -g -DNDEBUG   conftest.cpp  >&5
configure:14911: $? = 0
configure:14911: result: yes
configure:14925: checking zlib version
configure:14945: g++ -c  -g -DNDEBUG  conftest.cpp >&5
configure:14945: $? = 0
configure:14947: result: ok (1.2.0.4 or later)
configure:14951: checking for library containing zlibVersion
configure:14982: g++ -o conftest  -g -DNDEBUG   conftest.cpp  >&5
/tmp/cc4abpME.o: In function `main':
/home/clark/source/ProtobufJavaMicro/protobuf_project/protobuf/conftest.cpp:51: undefined reference to `zlibVersion'
collect2: error: ld returned 1 exit status
configure:14982: $? = 1
configure: failed program was:
| /* confdefs.h */
| #define PACKAGE_NAME "Protocol Buffers"
| #define PACKAGE_TARNAME "protobuf"
| #define PACKAGE_VERSION "2.3.0"
| #define PACKAGE_STRING "Protocol Buffers 2.3.0"
| #define PACKAGE_BUGREPORT "protobuf@googlegroups.com"
| #define PACKAGE_URL ""
| #define PACKAGE "protobuf"
| #define VERSION "2.3.0"
| #define STDC_HEADERS 1
| #define HAVE_SYS_TYPES_H 1
| #define HAVE_SYS_STAT_H 1
| #define HAVE_STDLIB_H 1
| #define HAVE_STRING_H 1
| #define HAVE_MEMORY_H 1
| #define HAVE_STRINGS_H 1
| #define HAVE_INTTYPES_H 1
| #define HAVE_STDINT_H 1
| #define HAVE_UNISTD_H 1
| #define __EXTENSIONS__ 1
| #define _ALL_SOURCE 1
| #define _GNU_SOURCE 1
| #define _POSIX_PTHREAD_SEMANTICS 1
| #define _TANDEM_SOURCE 1
| #define HAVE_DLFCN_H 1
| #define LT_OBJDIR ".libs/"
| #define STDC_HEADERS 1
| #define HAVE_FCNTL_H 1
| #define HAVE_INTTYPES_H 1
| #define HAVE_LIMITS_H 1
| #define HAVE_STDLIB_H 1
| #define HAVE_UNISTD_H 1
| #define HAVE_FTRUNCATE 1
| #define HAVE_MEMSET 1
| #define HAVE_MKDIR 1
| #define HAVE_STRCHR 1
| #define HAVE_STRERROR 1
| #define HAVE_STRTOL 1
| /* end confdefs.h.  */
| 
| /* Override any GCC internal prototype to avoid an error.
|    Use char because int might match the return type of a GCC
|    builtin and then its argument prototype would still apply.  */
| #ifdef __cplusplus
| extern "C"
| #endif
| char zlibVersion ();
| int
| main ()
| {
| return zlibVersion ();
|   ;
|   return 0;
| }
configure:14982: g++ -o conftest  -g -DNDEBUG   conftest.cpp -lz   >&5
configure:14982: $? = 0
configure:14999: result: -lz
configure:15250: checking for the pthreads library -lpthreads
configure:15283: gcc -o conftest     conftest.c -lpthreads -lz  >&5
/usr/bin/ld: cannot find -lpthreads
collect2: error: ld returned 1 exit status
configure:15283: $? = 1
configure: failed program was:
| /* confdefs.h */
| #define PACKAGE_NAME "Protocol Buffers"
| #define PACKAGE_TARNAME "protobuf"
| #define PACKAGE_VERSION "2.3.0"
| #define PACKAGE_STRING "Protocol Buffers 2.3.0"
| #define PACKAGE_BUGREPORT "protobuf@googlegroups.com"
| #define PACKAGE_URL ""
| #define PACKAGE "protobuf"
| #define VERSION "2.3.0"
| #define STDC_HEADERS 1
| #define HAVE_SYS_TYPES_H 1
| #define HAVE_SYS_STAT_H 1
| #define HAVE_STDLIB_H 1
| #define HAVE_STRING_H 1
| #define HAVE_MEMORY_H 1
| #define HAVE_STRINGS_H 1
| #define HAVE_INTTYPES_H 1
| #define HAVE_STDINT_H 1
| #define HAVE_UNISTD_H 1
| #define __EXTENSIONS__ 1
| #define _ALL_SOURCE 1
| #define _GNU_SOURCE 1
| #define _POSIX_PTHREAD_SEMANTICS 1
| #define _TANDEM_SOURCE 1
| #define HAVE_DLFCN_H 1
| #define LT_OBJDIR ".libs/"
| #define STDC_HEADERS 1
| #define HAVE_FCNTL_H 1
| #define HAVE_INTTYPES_H 1
| #define HAVE_LIMITS_H 1
| #define HAVE_STDLIB_H 1
| #define HAVE_UNISTD_H 1
| #define HAVE_FTRUNCATE 1
| #define HAVE_MEMSET 1
| #define HAVE_MKDIR 1
| #define HAVE_STRCHR 1
| #define HAVE_STRERROR 1
| #define HAVE_STRTOL 1
| #define HAVE_ZLIB 1
| /* end confdefs.h.  */
| #include <pthread.h>
| int
| main ()
| {
| pthread_t th; pthread_join(th, 0);
|                      pthread_attr_init(0); pthread_cleanup_push(0, 0);
|                      pthread_create(0,0,0,0); pthread_cleanup_pop(0);
|   ;
|   return 0;
| }
configure:15292: result: no
configure:15195: checking whether pthreads work without any flags
configure:15283: gcc -o conftest     conftest.c  -lz  >&5
/tmp/ccIdeJHW.o: In function `main':
conftest.c:(.text+0x1b): undefined reference to `pthread_join'
conftest.c:(.text+0x7e): undefined reference to `__pthread_register_cancel'
conftest.c:(.text+0x97): undefined reference to `pthread_create'
conftest.c:(.text+0xa3): undefined reference to `__pthread_unregister_cancel'
collect2: error: ld returned 1 exit status
configure:15283: $? = 1
configure: failed program was:
| /* confdefs.h */
| #define PACKAGE_NAME "Protocol Buffers"
| #define PACKAGE_TARNAME "protobuf"
| #define PACKAGE_VERSION "2.3.0"
| #define PACKAGE_STRING "Protocol Buffers 2.3.0"
| #define PACKAGE_BUGREPORT "protobuf@googlegroups.com"
| #define PACKAGE_URL ""
| #define PACKAGE "protobuf"
| #define VERSION "2.3.0"
| #define STDC_HEADERS 1
| #define HAVE_SYS_TYPES_H 1
| #define HAVE_SYS_STAT_H 1
| #define HAVE_STDLIB_H 1
| #define HAVE_STRING_H 1
| #define HAVE_MEMORY_H 1
| #define HAVE_STRINGS_H 1
| #define HAVE_INTTYPES_H 1
| #define HAVE_STDINT_H 1
| #define HAVE_UNISTD_H 1
| #define __EXTENSIONS__ 1
| #define _ALL_SOURCE 1
| #define _GNU_SOURCE 1
| #define _POSIX_PTHREAD_SEMANTICS 1
| #define _TANDEM_SOURCE 1
| #define HAVE_DLFCN_H 1
| #define LT_OBJDIR ".libs/"
| #define STDC_HEADERS 1
| #define HAVE_FCNTL_H 1
| #define HAVE_INTTYPES_H 1
| #define HAVE_LIMITS_H 1
| #define HAVE_STDLIB_H 1
| #define HAVE_UNISTD_H 1
| #define HAVE_FTRUNCATE 1
| #define HAVE_MEMSET 1
| #define HAVE_MKDIR 1
| #define HAVE_STRCHR 1
| #define HAVE_STRERROR 1
| #define HAVE_STRTOL 1
| #define HAVE_ZLIB 1
| /* end confdefs.h.  */
| #include <pthread.h>
| int
| main ()
| {
| pthread_t th; pthread_join(th, 0);
|                      pthread_attr_init(0); pthread_cleanup_push(0, 0);
|                      pthread_create(0,0,0,0); pthread_cleanup_pop(0);
|   ;
|   return 0;
| }
configure:15292: result: no
configure:15200: checking whether pthreads work with -Kthread
configure:15283: gcc -o conftest  -Kthread   conftest.c  -lz  >&5
gcc: error: unrecognized command line option '-Kthread'
configure:15283: $? = 1
configure: failed program was:
| /* confdefs.h */
| #define PACKAGE_NAME "Protocol Buffers"
| #define PACKAGE_TARNAME "protobuf"
| #define PACKAGE_VERSION "2.3.0"
| #define PACKAGE_STRING "Protocol Buffers 2.3.0"
| #define PACKAGE_BUGREPORT "protobuf@googlegroups.com"
| #define PACKAGE_URL ""
| #define PACKAGE "protobuf"
| #define VERSION "2.3.0"
| #define STDC_HEADERS 1
| #define HAVE_SYS_TYPES_H 1
| #define HAVE_SYS_STAT_H 1
| #define HAVE_STDLIB_H 1
| #define HAVE_STRING_H 1
| #define HAVE_MEMORY_H 1
| #define HAVE_STRINGS_H 1
| #define HAVE_INTTYPES_H 1
| #define HAVE_STDINT_H 1
| #define HAVE_UNISTD_H 1
| #define __EXTENSIONS__ 1
| #define _ALL_SOURCE 1
| #define _GNU_SOURCE 1
| #define _POSIX_PTHREAD_SEMANTICS 1
| #define _TANDEM_SOURCE 1
| #define HAVE_DLFCN_H 1
| #define LT_OBJDIR ".libs/"
| #define STDC_HEADERS 1
| #define HAVE_FCNTL_H 1
| #define HAVE_INTTYPES_H 1
| #define HAVE_LIMITS_H 1
| #define HAVE_STDLIB_H 1
| #define HAVE_UNISTD_H 1
| #define HAVE_FTRUNCATE 1
| #define HAVE_MEMSET 1
| #define HAVE_MKDIR 1
| #define HAVE_STRCHR 1
| #define HAVE_STRERROR 1
| #define HAVE_STRTOL 1
| #define HAVE_ZLIB 1
| /* end confdefs.h.  */
| #include <pthread.h>
| int
| main ()
| {
| pthread_t th; pthread_join(th, 0);
|                      pthread_attr_init(0); pthread_cleanup_push(0, 0);
|                      pthread_create(0,0,0,0); pthread_cleanup_pop(0);
|   ;
|   return 0;
| }
configure:15292: result: no
configure:15200: checking whether pthreads work with -kthread
configure:15283: gcc -o conftest  -kthread   conftest.c  -lz  >&5
gcc: error: unrecognized command line option '-kthread'
configure:15283: $? = 1
configure: failed program was:
| /* confdefs.h */
| #define PACKAGE_NAME "Protocol Buffers"
| #define PACKAGE_TARNAME "protobuf"
| #define PACKAGE_VERSION "2.3.0"
| #define PACKAGE_STRING "Protocol Buffers 2.3.0"
| #define PACKAGE_BUGREPORT "protobuf@googlegroups.com"
| #define PACKAGE_URL ""
| #define PACKAGE "protobuf"
| #define VERSION "2.3.0"
| #define STDC_HEADERS 1
| #define HAVE_SYS_TYPES_H 1
| #define HAVE_SYS_STAT_H 1
| #define HAVE_STDLIB_H 1
| #define HAVE_STRING_H 1
| #define HAVE_MEMORY_H 1
| #define HAVE_STRINGS_H 1
| #define HAVE_INTTYPES_H 1
| #define HAVE_STDINT_H 1
| #define HAVE_UNISTD_H 1
| #define __EXTENSIONS__ 1
| #define _ALL_SOURCE 1
| #define _GNU_SOURCE 1
| #define _POSIX_PTHREAD_SEMANTICS 1
| #define _TANDEM_SOURCE 1
| #define HAVE_DLFCN_H 1
| #define LT_OBJDIR ".libs/"
| #define STDC_HEADERS 1
| #define HAVE_FCNTL_H 1
| #define HAVE_INTTYPES_H 1
| #define HAVE_LIMITS_H 1
| #define HAVE_STDLIB_H 1
| #define HAVE_UNISTD_H 1
| #define HAVE_FTRUNCATE 1
| #define HAVE_MEMSET 1
| #define HAVE_MKDIR 1
| #define HAVE_STRCHR 1
| #define HAVE_STRERROR 1
| #define HAVE_STRTOL 1
| #define HAVE_ZLIB 1
| /* end confdefs.h.  */
| #include <pthread.h>
| int
| main ()
| {
| pthread_t th; pthread_join(th, 0);
|                      pthread_attr_init(0); pthread_cleanup_push(0, 0);
|                      pthread_create(0,0,0,0); pthread_cleanup_pop(0);
|   ;
|   return 0;
| }
configure:15292: result: no
configure:15250: checking for the pthreads library -llthread
configure:15283: gcc -o conftest     conftest.c -llthread -lz  >&5
/usr/bin/ld: cannot find -llthread
collect2: error: ld returned 1 exit status
configure:15283: $? = 1
configure: failed program was:
| /* confdefs.h */
| #define PACKAGE_NAME "Protocol Buffers"
| #define PACKAGE_TARNAME "protobuf"
| #define PACKAGE_VERSION "2.3.0"
| #define PACKAGE_STRING "Protocol Buffers 2.3.0"
| #define PACKAGE_BUGREPORT "protobuf@googlegroups.com"
| #define PACKAGE_URL ""
| #define PACKAGE "protobuf"
| #define VERSION "2.3.0"
| #define STDC_HEADERS 1
| #define HAVE_SYS_TYPES_H 1
| #define HAVE_SYS_STAT_H 1
| #define HAVE_STDLIB_H 1
| #define HAVE_STRING_H 1
| #define HAVE_MEMORY_H 1
| #define HAVE_STRINGS_H 1
| #define HAVE_INTTYPES_H 1
| #define HAVE_STDINT_H 1
| #define HAVE_UNISTD_H 1
| #define __EXTENSIONS__ 1
| #define _ALL_SOURCE 1
| #define _GNU_SOURCE 1
| #define _POSIX_PTHREAD_SEMANTICS 1
| #define _TANDEM_SOURCE 1
| #define HAVE_DLFCN_H 1
| #define LT_OBJDIR ".libs/"
| #define STDC_HEADERS 1
| #define HAVE_FCNTL_H 1
| #define HAVE_INTTYPES_H 1
| #define HAVE_LIMITS_H 1
| #define HAVE_STDLIB_H 1
| #define HAVE_UNISTD_H 1
| #define HAVE_FTRUNCATE 1
| #define HAVE_MEMSET 1
| #define HAVE_MKDIR 1
| #define HAVE_STRCHR 1
| #define HAVE_STRERROR 1
| #define HAVE_STRTOL 1
| #define HAVE_ZLIB 1
| /* end confdefs.h.  */
| #include <pthread.h>
| int
| main ()
| {
| pthread_t th; pthread_join(th, 0);
|                      pthread_attr_init(0); pthread_cleanup_push(0, 0);
|                      pthread_create(0,0,0,0); pthread_cleanup_pop(0);
|   ;
|   return 0;
| }
configure:15292: result: no
configure:15200: checking whether pthreads work with -pthread
configure:15283: gcc -o conftest  -pthread   conftest.c  -lz  >&5
configure:15283: $? = 0
configure:15292: result: yes
configure:15311: checking for joinable pthread attribute
configure:15326: gcc -o conftest  -pthread   conftest.c  -lz  >&5
configure:15326: $? = 0
configure:15332: result: PTHREAD_CREATE_JOINABLE
configure:15342: checking if more special flags are required for pthreads
configure:15349: result: no
configure:15438: checking whether to check for GCC pthread/shared inconsistencies
configure:15451: gcc -o conftest -shared -fPIC -Wl,-z,defs  -pthread   conftest.c  -lz  >&5
configure:15451: $? = 0
configure:15463: result: yes
configure:15469: checking whether -pthread is sufficient with -shared
configure:15484: gcc -o conftest -shared -fPIC -Wl,-z,defs  -pthread   conftest.c  -lz  >&5
configure:15484: $? = 0
configure:15491: result: yes
configure:15607: checking the location of hash_map
configure:15641: g++ -c  -g -DNDEBUG  conftest.cpp >&5
configure:15641: $? = 0
configure:15685: result: <tr1/unordered_map>
configure:15857: creating ./config.status

## ---------------- ##
## Cache variables. ##
## ---------------- ##

ac_cv_build=x86_64-unknown-linux-gnu
ac_cv_c_compiler_gnu=yes
ac_cv_cxx_compiler_gnu=yes
ac_cv_cxx_hash_map_class=unordered_map
ac_cv_cxx_hash_map_header='<tr1/unordered_map>'
ac_cv_cxx_hash_namespace=std::tr1
ac_cv_cxx_hash_set_class=unordered_set
ac_cv_cxx_hash_set_header='<tr1/unordered_set>'
ac_cv_env_CCC_set=
ac_cv_env_CCC_value=
ac_cv_env_CC_set=
ac_cv_env_CC_value=
ac_cv_env_CFLAGS_set=
ac_cv_env_CFLAGS_value=
ac_cv_env_CPPFLAGS_set=
ac_cv_env_CPPFLAGS_value=
ac_cv_env_CXXCPP_set=
ac_cv_env_CXXCPP_value=
ac_cv_env_CXXFLAGS_set=
ac_cv_env_CXXFLAGS_value=
ac_cv_env_CXX_set=
ac_cv_env_CXX_value=
ac_cv_env_LDFLAGS_set=
ac_cv_env_LDFLAGS_value=
ac_cv_env_LIBS_set=
ac_cv_env_LIBS_value=
ac_cv_env_build_alias_set=
ac_cv_env_build_alias_value=
ac_cv_env_host_alias_set=
ac_cv_env_host_alias_value=
ac_cv_env_target_alias_set=
ac_cv_env_target_alias_value=
ac_cv_func_ftruncate=yes
ac_cv_func_memcmp_working=yes
ac_cv_func_memset=yes
ac_cv_func_mkdir=yes
ac_cv_func_strchr=yes
ac_cv_func_strerror=yes
ac_cv_func_strtod=yes
ac_cv_func_strtol=yes
ac_cv_have_decl___SUNPRO_CC=no
ac_cv_header_dlfcn_h=yes
ac_cv_header_fcntl_h=yes
ac_cv_header_inttypes_h=yes
ac_cv_header_limits_h=yes
ac_cv_header_memory_h=yes
ac_cv_header_minix_config_h=no
ac_cv_header_stdc=yes
ac_cv_header_stdint_h=yes
ac_cv_header_stdlib_h=yes
ac_cv_header_string_h=yes
ac_cv_header_strings_h=yes
ac_cv_header_sys_stat_h=yes
ac_cv_header_sys_types_h=yes
ac_cv_header_unistd_h=yes
ac_cv_host=x86_64-unknown-linux-gnu
ac_cv_objext=o
ac_cv_path_EGREP='/bin/grep -E'
ac_cv_path_FGREP='/bin/grep -F'
ac_cv_path_GREP=/bin/grep
ac_cv_path_SED=/bin/sed
ac_cv_path_install='/usr/bin/install -c'
ac_cv_path_mkdir=/bin/mkdir
ac_cv_prog_AWK=gawk
ac_cv_prog_CXXCPP='g++ -E'
ac_cv_prog_ac_ct_AR=ar
ac_cv_prog_ac_ct_CC=gcc
ac_cv_prog_ac_ct_CXX=g++
ac_cv_prog_ac_ct_RANLIB=ranlib
ac_cv_prog_ac_ct_STRIP=strip
ac_cv_prog_cc_c89=
ac_cv_prog_cc_g=yes
ac_cv_prog_cxx_g=yes
ac_cv_prog_make_make_set=yes
ac_cv_safe_to_define___extensions__=yes
ac_cv_search_zlibVersion=-lz
ac_cv_target=x86_64-unknown-linux-gnu
am_cv_CC_dependencies_compiler_type=gcc3
am_cv_CXX_dependencies_compiler_type=gcc3
lt_cv_deplibs_check_method=pass_all
lt_cv_file_magic_cmd='$MAGIC_CMD'
lt_cv_file_magic_test_file=
lt_cv_ld_reload_flag=-r
lt_cv_nm_interface='BSD nm'
lt_cv_objdir=.libs
lt_cv_path_LD=/usr/bin/ld
lt_cv_path_LDCXX='/usr/bin/ld -m elf_x86_64'
lt_cv_path_NM='/usr/bin/nm -B'
lt_cv_prog_compiler_c_o=yes
lt_cv_prog_compiler_c_o_CXX=yes
lt_cv_prog_compiler_pic_works=yes
lt_cv_prog_compiler_pic_works_CXX=yes
lt_cv_prog_compiler_rtti_exceptions=no
lt_cv_prog_compiler_static_works=yes
lt_cv_prog_compiler_static_works_CXX=yes
lt_cv_prog_gnu_ld=yes
lt_cv_prog_gnu_ldcxx=yes
lt_cv_sys_global_symbol_pipe='sed -n -e '\''s/^.*[	 ]\([ABCDGIRSTW][ABCDGIRSTW]*\)[	 ][	 ]*\([_A-Za-z][_A-Za-z0-9]*\)$/\1 \2 \2/p'\'''
lt_cv_sys_global_symbol_to_c_name_address='sed -n -e '\''s/^: \([^ ]*\) $/  {\"\1\", (void *) 0},/p'\'' -e '\''s/^[ABCDGIRSTW]* \([^ ]*\) \([^ ]*\)$/  {"\2", (void *) \&\2},/p'\'''
lt_cv_sys_global_symbol_to_c_name_address_lib_prefix='sed -n -e '\''s/^: \([^ ]*\) $/  {\"\1\", (void *) 0},/p'\'' -e '\''s/^[ABCDGIRSTW]* \([^ ]*\) \(lib[^ ]*\)$/  {"\2", (void *) \&\2},/p'\'' -e '\''s/^[ABCDGIRSTW]* \([^ ]*\) \([^ ]*\)$/  {"lib\2", (void *) \&\2},/p'\'''
lt_cv_sys_global_symbol_to_cdecl='sed -n -e '\''s/^T .* \(.*\)$/extern int \1();/p'\'' -e '\''s/^[ABCDGIRSTW]* .* \(.*\)$/extern char \1;/p'\'''
lt_cv_sys_max_cmd_len=3458764513820540925

## ----------------- ##
## Output variables. ##
## ----------------- ##

ACLOCAL='${SHELL} /home/clark/source/ProtobufJavaMicro/protobuf_project/protobuf/missing --run aclocal-1.11'
AMDEPBACKSLASH='\'
AMDEP_FALSE='#'
AMDEP_TRUE=''
AMTAR='$${TAR-tar}'
AR='ar'
AUTOCONF='${SHELL} /home/clark/source/ProtobufJavaMicro/protobuf_project/protobuf/missing --run autoconf'
AUTOHEADER='${SHELL} /home/clark/source/ProtobufJavaMicro/protobuf_project/protobuf/missing --run autoheader'
AUTOMAKE='${SHELL} /home/clark/source/ProtobufJavaMicro/protobuf_project/protobuf/missing --run automake-1.11'
AWK='gawk'
CC='gcc'
CCDEPMODE='depmode=gcc3'
CFLAGS=''
CPPFLAGS=''
CXX='g++'
CXXCPP='g++ -E'
CXXDEPMODE='depmode=gcc3'
CXXFLAGS=' -g -DNDEBUG'
CYGPATH_W='echo'
DEFS='-DHAVE_CONFIG_H'
DEPDIR='.deps'
DSYMUTIL=''
DUMPBIN=''
ECHO_C=''
ECHO_N='-n'
ECHO_T=''
EGREP='/bin/grep -E'
EXEEXT=''
FGREP='/bin/grep -F'
GCC_FALSE='#'
GCC_TRUE=''
GREP='/bin/grep'
HAVE_ZLIB_FALSE='#'
HAVE_ZLIB_TRUE=''
INSTALL_DATA='${INSTALL} -m 644'
INSTALL_PROGRAM='${INSTALL}'
INSTALL_SCRIPT='${INSTALL}'
INSTALL_STRIP_PROGRAM='$(install_sh) -c -s'
ISAINFO=''
LD='/usr/bin/ld -m elf_x86_64'
LDFLAGS=''
LIBOBJS=''
LIBS='-lz '
LIBTOOL='$(SHELL) $(top_builddir)/libtool'
LIPO=''
LN_S='ln -s'
LTLIBOBJS=''
MAKEINFO='${SHELL} /home/clark/source/ProtobufJavaMicro/protobuf_project/protobuf/missing --run makeinfo'
MKDIR_P='/bin/mkdir -p'
NM='/usr/bin/nm -B'
NMEDIT=''
OBJEXT='o'
OTOOL64=''
OTOOL=''
PACKAGE='protobuf'
PACKAGE_BUGREPORT='protobuf@googlegroups.com'
PACKAGE_NAME='Protocol Buffers'
PACKAGE_STRING='Protocol Buffers 2.3.0'
PACKAGE_TARNAME='protobuf'
PACKAGE_URL=''
PACKAGE_VERSION='2.3.0'
PATH_SEPARATOR=':'
POW_LIB=''
PROTOBUF_OPT_FLAG='-O2'
PROTOC=''
PTHREAD_CC='gcc'
PTHREAD_CFLAGS='-pthread'
PTHREAD_LIBS=''
RANLIB='ranlib'
SED='/bin/sed'
SET_MAKE=''
SHELL='/bin/bash'
STRIP='strip'
USE_EXTERNAL_PROTOC_FALSE=''
USE_EXTERNAL_PROTOC_TRUE='#'
VERSION='2.3.0'
ac_ct_CC='gcc'
ac_ct_CXX='g++'
ac_ct_DUMPBIN=''
acx_pthread_config=''
am__EXEEXT_FALSE=''
am__EXEEXT_TRUE='#'
am__fastdepCC_FALSE='#'
am__fastdepCC_TRUE=''
am__fastdepCXX_FALSE='#'
am__fastdepCXX_TRUE=''
am__include='include'
am__isrc=''
am__leading_dot='.'
am__nodep='_no'
am__quote=''
am__tar='$${TAR-tar} chof - "$$tardir"'
am__untar='$${TAR-tar} xf -'
bindir='${exec_prefix}/bin'
build='x86_64-unknown-linux-gnu'
build_alias=''
build_cpu='x86_64'
build_os='linux-gnu'
build_vendor='unknown'
datadir='${datarootdir}'
datarootdir='${prefix}/share'
docdir='${datarootdir}/doc/${PACKAGE_TARNAME}'
dvidir='${docdir}'
exec_prefix='${prefix}'
host='x86_64-unknown-linux-gnu'
host_alias=''
host_cpu='x86_64'
host_os='linux-gnu'
host_vendor='unknown'
htmldir='${docdir}'
includedir='${prefix}/include'
infodir='${datarootdir}/info'
install_sh='${SHELL} /home/clark/source/ProtobufJavaMicro/protobuf_project/protobuf/install-sh'
libdir='${exec_prefix}/lib'
libexecdir='${exec_prefix}/libexec'
localedir='${datarootdir}/locale'
localstatedir='${prefix}/var'
lt_ECHO='echo'
mandir='${datarootdir}/man'
mkdir_p='/bin/mkdir -p'
oldincludedir='/usr/include'
pdfdir='${docdir}'
prefix='/home/clark'
program_transform_name='s,x,x,'
psdir='${docdir}'
sbindir='${exec_prefix}/sbin'
sharedstatedir='${prefix}/com'
subdirs=' gtest'
sysconfdir='${prefix}/etc'
target='x86_64-unknown-linux-gnu'
target_alias=''
target_cpu='x86_64'
target_os='linux-gnu'
target_vendor='unknown'

## ----------- ##
## confdefs.h. ##
## ----------- ##

/* confdefs.h */
#define PACKAGE_NAME "Protocol Buffers"
#define PACKAGE_TARNAME "protobuf"
#define PACKAGE_VERSION "2.3.0"
#define PACKAGE_STRING "Protocol Buffers 2.3.0"
#define PACKAGE_BUGREPORT "protobuf@googlegroups.com"
#define PACKAGE_URL ""
#define PACKAGE "protobuf"
#define VERSION "2.3.0"
#define STDC_HEADERS 1
#define HAVE_SYS_TYPES_H 1
#define HAVE_SYS_STAT_H 1
#define HAVE_STDLIB_H 1
#define HAVE_STRING_H 1
#define HAVE_MEMORY_H 1
#define HAVE_STRINGS_H 1
#define HAVE_INTTYPES_H 1
#define HAVE_STDINT_H 1
#define HAVE_UNISTD_H 1
#define __EXTENSIONS__ 1
#define _ALL_SOURCE 1
#define _GNU_SOURCE 1
#define _POSIX_PTHREAD_SEMANTICS 1
#define _TANDEM_SOURCE 1
#define HAVE_DLFCN_H 1
#define LT_OBJDIR ".libs/"
#define STDC_HEADERS 1
#define HAVE_FCNTL_H 1
#define HAVE_INTTYPES_H 1
#define HAVE_LIMITS_H 1
#define HAVE_STDLIB_H 1
#define HAVE_UNISTD_H 1
#define HAVE_FTRUNCATE 1
#define HAVE_MEMSET 1
#define HAVE_MKDIR 1
#define HAVE_STRCHR 1
#define HAVE_STRERROR 1
#define HAVE_STRTOL 1
#define HAVE_ZLIB 1
#define HAVE_PTHREAD 1
#define HAVE_HASH_MAP 1
#define HAVE_HASH_SET 1
#define HASH_MAP_H <tr1/unordered_map>
#define HASH_SET_H <tr1/unordered_set>
#define HASH_MAP_CLASS unordered_map
#define HASH_SET_CLASS unordered_set
#define HASH_NAMESPACE std::tr1

configure: exit 0

## ---------------------- ##
## Running config.status. ##
## ---------------------- ##

This file was extended by Protocol Buffers config.status 2.3.0, which was
generated by GNU Autoconf 2.68.  Invocation command line was

  CONFIG_FILES    = 
  CONFIG_HEADERS  = 
  CONFIG_LINKS    = 
  CONFIG_COMMANDS = 
  $ ./config.status 

on clark-ThinkPad-X220

config.status:1179: creating Makefile
config.status:1179: creating src/Makefile
config.status:1179: creating protobuf.pc
config.status:1179: creating protobuf-lite.pc
config.status:1179: creating config.h
config.status:1360: config.h is unchanged
config.status:1408: executing depfiles commands
config.status:1408: executing libtool commands

## ---------------------- ##
## Running config.status. ##
## ---------------------- ##

This file was extended by Protocol Buffers config.status 2.3.0, which was
generated by GNU Autoconf 2.68.  Invocation command line was

  CONFIG_FILES    = 
  CONFIG_HEADERS  = 
  CONFIG_LINKS    = 
  CONFIG_COMMANDS = 
  $ ./config.status config.h

on clark-ThinkPad-X220

config.status:1179: creating config.h
config.status:1360: config.h is unchanged
